Arguments: 
  /usr/bin/node /usr/share/yarn/bin/yarn.js add 。

PATH: 
  /usr/local/sbin:/usr/local/bin:/usr/sbin:/usr/bin:/sbin:/bin:/usr/games:/usr/local/games:/mnt/c/Program Files/PlasticSCM5/server:/mnt/c/Program Files/PlasticSCM5/client:/mnt/d/app/Yu.Y/product/11.2.0/client_1/bin:/mnt/c/Python310/Scripts/:/mnt/c/Python310/:/mnt/c/WINDOWS/system32:/mnt/c/WINDOWS:/mnt/c/WINDOWS/System32/Wbem:/mnt/c/WINDOWS/System32/WindowsPowerShell/v1.0/:/mnt/c/WINDOWS/System32/OpenSSH/:/mnt/c/Program Files/Microsoft/Web Platform Installer/:/mnt/c/Program Files (x86)/Microsoft ASP.NET/ASP.NET Web Pages/v1.0/:/mnt/c/Program Files/Microsoft SQL Server/110/Tools/Binn/:/mnt/d/Matlab2021b/bin:/mnt/d/bin:/mnt/c/Program Files/dotnet/:/mnt/c/Program Files/SQL Anywhere 16/bin64:/mnt/c/Program Files/SQL Anywhere 16/bin32:/mnt/d/Download/Shared/PowerBuilder:/mnt/d/Download/Shared/PowerBuilder/x64:/mnt/d/Download/PowerBuilder 12.6:/mnt/c/WINDOWS/Microsoft.NET/Framework/v4.0.30319:/mnt/d/nodejs/:/mnt/c/ProgramData/chocolatey/bin:/mnt/c/Program Files/Docker/Docker/resources/bin:/mnt/c/ProgramData/DockerDesktop/version-bin:/mnt/d/Anaconda3:/mnt/d/Anaconda3/Library/mingw-w64/bin:/mnt/d/Anaconda3/Library/usr/bin:/mnt/d/Anaconda3/Library/bin:/mnt/d/Anaconda3/Scripts:/mnt/c/Users/Yu.Y/AppData/Local/Programs/Python/Python38-32/Scripts/:/mnt/c/Users/Yu.Y/AppData/Local/Programs/Python/Python38-32/:/mnt/c/Users/Yu.Y/AppData/Local/Microsoft/WindowsApps:/mnt/d/Program Files/PyCharm 2020.3.2/bin:/mnt/c/Users/Yu.Y/.dotnet/tools:/mnt/c/Users/Yu.Y/AppData/Local/Programs/Microsoft VS Code/bin:/mnt/c/Users/Yu.Y/AppData/Roaming/npm:/snap/bin

Yarn version: 
  1.22.5

Node version: 
  14.18.0

Platform: 
  linux x64

Trace: 
  TypeError [ERR_UNESCAPED_CHARACTERS]: Request path contains unescaped characters
      at new NodeError (internal/errors.js:322:7)
      at new ClientRequest (_http_client.js:155:13)
      at Object.request (https.js:370:10)
      at Request.module.exports.Request.start (/usr/share/yarn/lib/cli.js:141311:32)
      at Request.module.exports.Request.end (/usr/share/yarn/lib/cli.js:142070:10)
      at end (/usr/share/yarn/lib/cli.js:141124:14)
      at Immediate._onImmediate (/usr/share/yarn/lib/cli.js:141138:7)
      at processImmediate (internal/timers.js:464:21)

npm manifest: 
  {
    "name": "eesast-hasura",
    "dependencies": {
      "hasura-cli": "^2.2.0"
    },
    "scripts": {
      "apply": "hasura migrate apply && hasura metadata apply",
      "console": "hasura console",
      "hasura": "hasura",
      "migrate-squash": "hasura migrate squash",
      "status": "hasura migrate status"
    },
    "private": true
  }

yarn manifest: 
  No manifest

Lockfile: 
  # THIS IS AN AUTOGENERATED FILE. DO NOT EDIT THIS FILE DIRECTLY.
  # yarn lockfile v1
  
  
  ansi-styles@^3.2.1:
    version "3.2.1"
    resolved "https://registry.npm.taobao.org/ansi-styles/download/ansi-styles-3.2.1.tgz#41fbb20243e50b12be0f04b8dedbf07520ce841d"
    integrity sha1-QfuyAkPlCxK+DwS43tvwdSDOhB0=
    dependencies:
      color-convert "^1.9.0"
  
  axios@^0.21.1:
    version "0.21.4"
    resolved "https://registry.yarnpkg.com/axios/-/axios-0.21.4.tgz#c67b90dc0568e5c1cf2b0b858c43ba28e2eda575"
    integrity sha512-ut5vewkiu8jjGBdqpM44XxjuCjq9LAKeHVmoVfHVzy8eHgxxq8SbAVQNovDA8mVi05kP0Ea/n/UzcSHcTJQfNg==
    dependencies:
      follow-redirects "^1.14.0"
  
  chalk@^2.4.2:
    version "2.4.2"
    resolved "https://registry.npm.taobao.org/chalk/download/chalk-2.4.2.tgz#cd42541677a54333cf541a49108c1432b44c9424"
    integrity sha1-zUJUFnelQzPPVBpJEIwUMrRMlCQ=
    dependencies:
      ansi-styles "^3.2.1"
      escape-string-regexp "^1.0.5"
      supports-color "^5.3.0"
  
  color-convert@^1.9.0:
    version "1.9.3"
    resolved "https://registry.npm.taobao.org/color-convert/download/color-convert-1.9.3.tgz#bb71850690e1f136567de629d2d5471deda4c1e8"
    integrity sha1-u3GFBpDh8TZWfeYp0tVHHe2kweg=
    dependencies:
      color-name "1.1.3"
  
  color-name@1.1.3:
    version "1.1.3"
    resolved "https://registry.npm.taobao.org/color-name/download/color-name-1.1.3.tgz#a7d0558bd89c42f795dd42328f740831ca53bc25"
    integrity sha1-p9BVi9icQveV3UIyj3QIMcpTvCU=
  
  escape-string-regexp@^1.0.5:
    version "1.0.5"
    resolved "https://registry.npm.taobao.org/escape-string-regexp/download/escape-string-regexp-1.0.5.tgz?cache=0&sync_timestamp=1587627107924&other_urls=https%3A%2F%2Fregistry.npm.taobao.org%2Fescape-string-regexp%2Fdownload%2Fescape-string-regexp-1.0.5.tgz#1b61c0562190a8dff6ae3bb2cf0200ca130b86d4"
    integrity sha1-G2HAViGQqN/2rjuyzwIAyhMLhtQ=
  
  follow-redirects@^1.14.0:
    version "1.14.9"
    resolved "https://registry.yarnpkg.com/follow-redirects/-/follow-redirects-1.14.9.tgz#dd4ea157de7bfaf9ea9b3fbd85aa16951f78d8d7"
    integrity sha512-MQDfihBQYMcyy5dhRDJUHcw7lb2Pv/TuE6xP1vyraLukNDHKbDxDNaOE3NbCAdKQApno+GPRyo1YAp89yCjK4w==
  
  has-flag@^3.0.0:
    version "3.0.0"
    resolved "https://registry.npm.taobao.org/has-flag/download/has-flag-3.0.0.tgz#b5d454dc2199ae225699f3467e5a07f3b955bafd"
    integrity sha1-tdRU3CGZriJWmfNGfloH87lVuv0=
  
  hasura-cli@^2.2.0:
    version "2.2.0"
    resolved "https://registry.npmmirror.com/hasura-cli/-/hasura-cli-2.2.0.tgz#f850823ae07c6e5efbab078e9bcd0f31a2bbc8d7"
    integrity sha512-lBpEt94CkaLbn0iqWx9TNnnuET9prz067gKUuTzm3y8PtRw1T1dZV8t/tfAZRRG/WNGNFp1d0UWs/fpwO3aJdA==
    dependencies:
      axios "^0.21.1"
      chalk "^2.4.2"
  
  supports-color@^5.3.0:
    version "5.5.0"
    resolved "https://registry.npm.taobao.org/supports-color/download/supports-color-5.5.0.tgz?cache=0&sync_timestamp=1598611732186&other_urls=https%3A%2F%2Fregistry.npm.taobao.org%2Fsupports-color%2Fdownload%2Fsupports-color-5.5.0.tgz#e2e69a44ac8772f78a1ec0b35b689df6530efc8f"
    integrity sha1-4uaaRKyHcveKHsCzW2id9lMO/I8=
    dependencies:
      has-flag "^3.0.0"
